<?xml version="1.0" encoding="UTF-8" ?>
<testsuite failures="0" time="0.145" errors="0" skipped="0" tests="23" name="gTorto.ExtractorTest">
  <properties>
[...]
</properties>
  <testcase time="0.002" classname="gTorto.ExtractorTest" name="testExtractMailMaiusc"/>
  <testcase time="0" classname="gTorto.ExtractorTest" name="testExtractMailNumber"/>
  <testcase time="0.001" classname="gTorto.ExtractorTest" name="testExtractMailUnder"/>
  <testcase time="0" classname="gTorto.ExtractorTest" name="testExtractOneMail"/>
  <testcase time="0.001" classname="gTorto.ExtractorTest" name="testExtractMailParenteses"/>
  <testcase time="0" classname="gTorto.ExtractorTest" name="testExtractMailAccentLetters"/>
  <testcase time="0.001" classname="gTorto.ExtractorTest" name="testExtractMailReplaceChiocciola"/>
  <testcase time="0.004" classname="gTorto.ExtractorTest" name="testExtractMailMessyText"/>
  <testcase time="0.025" classname="gTorto.ExtractorTest" name="testExtractSomeNumbers"/>
  <testcase time="0.001" classname="gTorto.ExtractorTest" name="testExtractNumbersAttachedToText"/>
  <testcase time="0.001" classname="gTorto.ExtractorTest" name="testExtractDifferentNearNumber"/>
  <testcase time="0.001" classname="gTorto.ExtractorTest" name="testExtractNumberToAvoid"/>
  <testcase time="0.014" classname="gTorto.ExtractorTest" name="testExtractNumberToSplit"/>
  <testcase time="0.002" classname="gTorto.ExtractorTest" name="testExtractNumberOf13"/>
  <testcase time="0.001" classname="gTorto.ExtractorTest" name="testExtractNumberWrongDate"/>
  <testcase time="0.001" classname="gTorto.ExtractorTest" name="testExtractNumberSplitted"/>
  <testcase time="0.003" classname="gTorto.ExtractorTest" name="testExtractEccezioneNumeroItaliano"/>
  <testcase time="0.002" classname="gTorto.ExtractorTest" name="testExtractNumero199Apagamento"/>
  <testcase time="0.001" classname="gTorto.ExtractorTest" name="testExtractNumeriServizi"/>
  <testcase time="0.001" classname="gTorto.ExtractorTest" name="testExtractSimpleMail"/>
  <testcase time="0.001" classname="gTorto.ExtractorTest" name="testExtractMoreMailFromText"/>
  <testcase time="0.001" classname="gTorto.ExtractorTest" name="testExtractURL"/>
  <testcase time="0.001" classname="gTorto.ExtractorTest" name="testExtractURLwithSymbols"/>
</testsuite>